<?xml version="1.0" encoding="UTF-8"?>
<!-- Generated by org.testng.reporters.JUnitReportReporter -->
<testsuite hostname="DESKTOP-OF3OC9C" failures="0" tests="7" name="com.qa.Test.BenJerry_LocatorpageTest" time="59.336" errors="0" timestamp="14 Sep 2023 05:51:25 GMT" skipped="0">
  <testcase classname="com.qa.Test.BenJerry_LocatorpageTest" name="VerifyHomePage" time="22.316"/>
  <testcase classname="com.qa.Test.BenJerry_LocatorpageTest" name="VerifySelectedAddress" time="6.166"/>
  <testcase classname="com.qa.Test.BenJerry_LocatorpageTest" name="VerifyAllFoundLocations" time="0.341"/>
  <testcase classname="com.qa.Test.BenJerry_LocatorpageTest" name="VerifySelectedLocationDetails_StoreName" time="4.482"/>
  <testcase classname="com.qa.Test.BenJerry_LocatorpageTest" name="VerifySelectedLocationDetails_GetDirections" time="8.154"/>
  <testcase classname="com.qa.Test.BenJerry_LocatorpageTest" name="VerifySelectedLocationDetails_StoreHours" time="5.097"/>
  <testcase classname="com.qa.Test.BenJerry_LocatorpageTest" name="VerifySelectedLocationDetails_ScoopShopWebsite" time="12.780"/>
</testsuite> <!-- com.qa.Test.BenJerry_LocatorpageTest -->
