<?xml version="1.0" encoding="UTF-8"?>
<!-- Generated by org.testng.reporters.JUnitReportReporter -->
<testsuite hostname="DESKTOP-OF3OC9C" failures="0" tests="5" name="com.qa.Test.MichalesTest" time="38.239" errors="0" timestamp="12 Sep 2023 12:42:04 GMT" skipped="0">
  <testcase classname="com.qa.Test.MichalesTest" name="VerifyLogo" time="1.045"/>
  <testcase classname="com.qa.Test.MichalesTest" name="VerifyAllLocations" time="4.700"/>
  <testcase classname="com.qa.Test.MichalesTest" name="VerifyDDValues" time="32.448"/>
  <testcase classname="com.qa.Test.MichalesTest" name="VerifyHeaderText" time="0.022"/>
  <testcase classname="com.qa.Test.MichalesTest" name="VerifyServiceOptions" time="0.024"/>
</testsuite> <!-- com.qa.Test.MichalesTest -->
