<?xml version="1.0" encoding="UTF-8"?>
<!-- Generated by org.testng.reporters.JUnitReportReporter -->
<testsuite hostname="DESKTOP-OF3OC9C" failures="0" tests="1" name="com.qa.Test.AttStores_CnameTest" time="5.560" errors="0" timestamp="11 Sep 2023 07:31:56 GMT" skipped="0">
  <testcase classname="com.qa.Test.AttStores_CnameTest" name="VerifyCountryList" time="5.560"/>
</testsuite> <!-- com.qa.Test.AttStores_CnameTest -->
