<?xml version="1.0" encoding="UTF-8"?>
<!-- Generated by org.testng.reporters.JUnitReportReporter -->
<testsuite hostname="DESKTOP-OF3OC9C" failures="0" tests="6" name="com.qa.Test.Nesbittburnslocator1_test" time="80.081" errors="0" timestamp="21 Sep 2023 09:49:16 GMT" skipped="0">
  <testcase classname="com.qa.Test.Nesbittburnslocator1_test" name="verifyHomeDetails_test" time="2.128"/>
  <testcase classname="com.qa.Test.Nesbittburnslocator1_test" name="Find_InvestmentAdvisorsByName_test" time="15.337"/>
  <testcase classname="com.qa.Test.Nesbittburnslocator1_test" name="Advisor_info_test" time="0.140"/>
  <testcase classname="com.qa.Test.Nesbittburnslocator1_test" name="verifySendToEmail_test" time="20.528"/>
  <testcase classname="com.qa.Test.Nesbittburnslocator1_test" name="VerifySendToMobile_test" time="32.720"/>
  <testcase classname="com.qa.Test.Nesbittburnslocator1_test" name="Verifyprofiledetails_test" time="9.228"/>
</testsuite> <!-- com.qa.Test.Nesbittburnslocator1_test -->
