<?xml version="1.0" encoding="UTF-8"?>
<!-- Generated by org.testng.reporters.JUnitReportReporter -->
<testsuite hostname="DESKTOP-OF3OC9C" failures="0" tests="1" name="com.qa.Test.DollerTreeTest" time="15.402" errors="0" timestamp="22 Sep 2023 12:03:15 GMT" skipped="0">
  <testcase classname="com.qa.Test.DollerTreeTest" name="VerifyStoreDetails" time="15.402"/>
</testsuite> <!-- com.qa.Test.DollerTreeTest -->
