<?xml version="1.0" encoding="UTF-8"?>
<!-- Generated by org.testng.reporters.JUnitReportReporter -->
<testsuite hostname="DESKTOP-OF3OC9C" failures="0" tests="5" name="com.qa.Test.MichalesTest" time="38.616" errors="0" timestamp="14 Sep 2023 05:51:25 GMT" skipped="0">
  <testcase classname="com.qa.Test.MichalesTest" name="VerifyLogo" time="1.147"/>
  <testcase classname="com.qa.Test.MichalesTest" name="VerifyAllLocations" time="4.676"/>
  <testcase classname="com.qa.Test.MichalesTest" name="VerifyDDValues" time="32.728"/>
  <testcase classname="com.qa.Test.MichalesTest" name="VerifyHeaderText" time="0.036"/>
  <testcase classname="com.qa.Test.MichalesTest" name="VerifyServiceOptions" time="0.029"/>
</testsuite> <!-- com.qa.Test.MichalesTest -->
