<?xml version="1.0" encoding="UTF-8"?>
<!-- Generated by org.testng.reporters.JUnitReportReporter -->
<testsuite hostname="DESKTOP-OF3OC9C" failures="0" tests="5" name="com.qa.Test.OfficeDepotTest" time="399.037" errors="0" timestamp="14 Sep 2023 06:48:55 GMT" skipped="0">
  <testcase classname="com.qa.Test.OfficeDepotTest" name="VerifyHeading" time="12.178"/>
  <testcase classname="com.qa.Test.OfficeDepotTest" name="VerifyTotalLocations" time="12.254"/>
  <testcase classname="com.qa.Test.OfficeDepotTest" name="VerifyTotalFilters" time="307.294"/>
  <testcase classname="com.qa.Test.OfficeDepotTest" name="VerifyTotalFilterNames" time="12.283"/>
  <testcase classname="com.qa.Test.OfficeDepotTest" name="VerifyDirectionLink" time="55.028"/>
</testsuite> <!-- com.qa.Test.OfficeDepotTest -->
