<?xml version="1.0" encoding="UTF-8"?>
<!-- Generated by org.testng.reporters.JUnitReportReporter -->
<testsuite hostname="DESKTOP-OF3OC9C" failures="0" tests="1" name="com.qa.Test.AttStoresTest" time="19.438" errors="0" timestamp="11 Sep 2023 06:21:43 GMT" skipped="0">
  <testcase classname="com.qa.Test.AttStoresTest" name="VerifyFooterServices" time="19.438"/>
</testsuite> <!-- com.qa.Test.AttStoresTest -->
