<?xml version="1.0" encoding="UTF-8"?>
<!-- Generated by org.testng.reporters.JUnitReportReporter -->
<testsuite hostname="DESKTOP-OF3OC9C" failures="0" tests="2" name="com.qa.Test.CrackerBarrel_localPage_test" time="18.729" errors="0" timestamp="13 Sep 2023 12:52:03 GMT" skipped="0">
  <testcase classname="com.qa.Test.CrackerBarrel_localPage_test" name="VerifyShopDetails_test" time="2.358"/>
  <testcase classname="com.qa.Test.CrackerBarrel_localPage_test" name="verifydirectionandhourslist_test" time="16.371"/>
</testsuite> <!-- com.qa.Test.CrackerBarrel_localPage_test -->
