<?xml version="1.0" encoding="UTF-8"?>
<!-- Generated by org.testng.reporters.JUnitReportReporter -->
<testsuite hostname="DESKTOP-OF3OC9C" failures="0" tests="4" name="com.qa.Test.TheNorthFaceStoreLocator_test" time="67.129" errors="0" timestamp="20 Sep 2023 06:54:15 GMT" skipped="0">
  <testcase classname="com.qa.Test.TheNorthFaceStoreLocator_test" name="VerifyHeaders_test" time="27.081"/>
  <testcase classname="com.qa.Test.TheNorthFaceStoreLocator_test" name="verifyFindstore_test" time="4.572"/>
  <testcase classname="com.qa.Test.TheNorthFaceStoreLocator_test" name="verifyFilters_test" time="25.184"/>
  <testcase classname="com.qa.Test.TheNorthFaceStoreLocator_test" name="VerifyFooterMenu" time="10.292"/>
</testsuite> <!-- com.qa.Test.TheNorthFaceStoreLocator_test -->
