<?xml version="1.0" encoding="UTF-8"?>
<!-- Generated by org.testng.reporters.JUnitReportReporter -->
<testsuite hostname="DESKTOP-OF3OC9C" failures="0" tests="1" name="com.qa.Test.StoreLocator_TrueValueTest" time="17.967" errors="0" timestamp="08 Sep 2023 08:27:40 GMT" skipped="0">
  <testcase classname="com.qa.Test.StoreLocator_TrueValueTest" name="VerifyStoreRedirect" time="17.967"/>
</testsuite> <!-- com.qa.Test.StoreLocator_TrueValueTest -->
