<?xml version="1.0" encoding="UTF-8"?>
<!-- Generated by org.testng.reporters.JUnitReportReporter -->
<testsuite hostname="DESKTOP-OF3OC9C" failures="0" tests="8" name="com.qa.Test.StoreLocator_TrueValueTest" time="145.082" errors="0" timestamp="13 Sep 2023 05:48:49 GMT" skipped="0">
  <testcase classname="com.qa.Test.StoreLocator_TrueValueTest" name="VerifyOpenLocatorPage" time="18.619"/>
  <testcase classname="com.qa.Test.StoreLocator_TrueValueTest" name="VerifyTextFrame" time="19.595"/>
  <testcase classname="com.qa.Test.StoreLocator_TrueValueTest" name="VerifyTotalAddresses" time="11.833"/>
  <testcase classname="com.qa.Test.StoreLocator_TrueValueTest" name="VerifyEmailWindow" time="18.370"/>
  <testcase classname="com.qa.Test.StoreLocator_TrueValueTest" name="VerifyDropdownForCountry" time="11.333"/>
  <testcase classname="com.qa.Test.StoreLocator_TrueValueTest" name="VerifyFilters" time="43.823"/>
  <testcase classname="com.qa.Test.StoreLocator_TrueValueTest" name="VerifyAddress" time="7.208"/>
  <testcase classname="com.qa.Test.StoreLocator_TrueValueTest" name="VerifyStoreRedirect" time="14.301"/>
</testsuite> <!-- com.qa.Test.StoreLocator_TrueValueTest -->
