<?xml version="1.0" encoding="UTF-8"?>
<!-- Generated by org.testng.reporters.JUnitReportReporter -->
<testsuite hostname="DESKTOP-OF3OC9C" failures="0" tests="16" name="com.qa.Test.AttStoresTest" time="50.359" errors="0" timestamp="14 Sep 2023 06:48:55 GMT" skipped="0">
  <testcase classname="com.qa.Test.AttStoresTest" name="VerifyFeedbackWindowClosed" time="8.205"/>
  <testcase classname="com.qa.Test.AttStoresTest" name="VerifyHeading" time="0.019"/>
  <testcase classname="com.qa.Test.AttStoresTest" name="VerifyPaymentLink" time="2.523"/>
  <testcase classname="com.qa.Test.AttStoresTest" name="VerifyUpgradeDeviceLink" time="3.259"/>
  <testcase classname="com.qa.Test.AttStoresTest" name="VerifyGetSupportPageLink" time="2.232"/>
  <testcase classname="com.qa.Test.AttStoresTest" name="VerifyATTPageLink" time="2.796"/>
  <testcase classname="com.qa.Test.AttStoresTest" name="VerifyShopNowLink" time="2.520"/>
  <testcase classname="com.qa.Test.AttStoresTest" name="VerifyOverviewSectionTime" time="1.441"/>
  <testcase classname="com.qa.Test.AttStoresTest" name="VerifyOverviewSectionAddress" time="0.219"/>
  <testcase classname="com.qa.Test.AttStoresTest" name="VerifyOffersSectionTitle" time="2.318"/>
  <testcase classname="com.qa.Test.AttStoresTest" name="VerifyAboutSectnTitle" time="2.167"/>
  <testcase classname="com.qa.Test.AttStoresTest" name="VerifyFAQTitle" time="0.135"/>
  <testcase classname="com.qa.Test.AttStoresTest" name="VerifyFAQQuestions" time="2.170"/>
  <testcase classname="com.qa.Test.AttStoresTest" name="VerifyAttServices" time="2.241"/>
  <testcase classname="com.qa.Test.AttStoresTest" name="VerifyFooterServices" time="11.214"/>
  <testcase classname="com.qa.Test.AttStoresTest" name="VerifyOverviewSectionAddressOnMap" time="6.900"/>
</testsuite> <!-- com.qa.Test.AttStoresTest -->
