<?xml version="1.0" encoding="UTF-8"?>
<!-- Generated by org.testng.reporters.JUnitReportReporter -->
<testsuite hostname="DESKTOP-OF3OC9C" failures="0" tests="5" name="com.qa.Test.OfficeDepotTest" time="398.782" errors="0" timestamp="14 Sep 2023 05:51:25 GMT" skipped="0">
  <testcase classname="com.qa.Test.OfficeDepotTest" name="VerifyHeading" time="12.201"/>
  <testcase classname="com.qa.Test.OfficeDepotTest" name="VerifyTotalLocations" time="12.256"/>
  <testcase classname="com.qa.Test.OfficeDepotTest" name="VerifyTotalFilters" time="307.041"/>
  <testcase classname="com.qa.Test.OfficeDepotTest" name="VerifyTotalFilterNames" time="12.271"/>
  <testcase classname="com.qa.Test.OfficeDepotTest" name="VerifyDirectionLink" time="55.013"/>
</testsuite> <!-- com.qa.Test.OfficeDepotTest -->
