<?xml version="1.0" encoding="UTF-8"?>
<!-- Generated by org.testng.reporters.JUnitReportReporter -->
<testsuite hostname="DESKTOP-OF3OC9C" failures="0" tests="7" name="com.qa.Test.BenJerry_LocatorpageTest" time="43.874" errors="0" timestamp="14 Sep 2023 06:48:55 GMT" skipped="0">
  <testcase classname="com.qa.Test.BenJerry_LocatorpageTest" name="VerifyHomePage" time="6.433"/>
  <testcase classname="com.qa.Test.BenJerry_LocatorpageTest" name="VerifySelectedAddress" time="6.282"/>
  <testcase classname="com.qa.Test.BenJerry_LocatorpageTest" name="VerifyAllFoundLocations" time="0.455"/>
  <testcase classname="com.qa.Test.BenJerry_LocatorpageTest" name="VerifySelectedLocationDetails_StoreName" time="4.494"/>
  <testcase classname="com.qa.Test.BenJerry_LocatorpageTest" name="VerifySelectedLocationDetails_GetDirections" time="8.238"/>
  <testcase classname="com.qa.Test.BenJerry_LocatorpageTest" name="VerifySelectedLocationDetails_StoreHours" time="5.136"/>
  <testcase classname="com.qa.Test.BenJerry_LocatorpageTest" name="VerifySelectedLocationDetails_ScoopShopWebsite" time="12.836"/>
</testsuite> <!-- com.qa.Test.BenJerry_LocatorpageTest -->
