<?xml version="1.0" encoding="UTF-8"?>
<!-- Generated by org.testng.reporters.JUnitReportReporter -->
<testsuite hostname="DESKTOP-OF3OC9C" failures="0" tests="5" name="com.qa.Test.MichalesTest" time="40.109" errors="0" timestamp="14 Sep 2023 06:48:55 GMT" skipped="0">
  <testcase classname="com.qa.Test.MichalesTest" name="VerifyLogo" time="1.276"/>
  <testcase classname="com.qa.Test.MichalesTest" name="VerifyAllLocations" time="5.668"/>
  <testcase classname="com.qa.Test.MichalesTest" name="VerifyDDValues" time="33.099"/>
  <testcase classname="com.qa.Test.MichalesTest" name="VerifyHeaderText" time="0.036"/>
  <testcase classname="com.qa.Test.MichalesTest" name="VerifyServiceOptions" time="0.030"/>
</testsuite> <!-- com.qa.Test.MichalesTest -->
