<?xml version="1.0" encoding="UTF-8"?>
<!-- Generated by org.testng.reporters.JUnitReportReporter -->
<testsuite hostname="DESKTOP-OF3OC9C" failures="0" tests="7" name="com.qa.Test.Joann_test" time="241.888" errors="0" timestamp="22 Sep 2023 10:53:20 GMT" skipped="0">
  <testcase classname="com.qa.Test.Joann_test" name="verifySearchLocation" time="9.219"/>
  <testcase classname="com.qa.Test.Joann_test" name="verifyTotalStores" time="9.447"/>
  <testcase classname="com.qa.Test.Joann_test" name="verifyFilters" time="160.739"/>
  <testcase classname="com.qa.Test.Joann_test" name="verifyStoreHours" time="9.259"/>
  <testcase classname="com.qa.Test.Joann_test" name="verifyGetDirection" time="17.615"/>
  <testcase classname="com.qa.Test.Joann_test" name="verifyMoreInfoLink" time="16.239"/>
  <testcase classname="com.qa.Test.Joann_test" name="verifyWeeklyAddLink" time="19.370"/>
</testsuite> <!-- com.qa.Test.Joann_test -->
