<?xml version="1.0" encoding="UTF-8"?>
<!-- Generated by org.testng.reporters.JUnitReportReporter -->
<testsuite hostname="DESKTOP-OF3OC9C" failures="0" tests="8" name="com.qa.Test.StoreLocator_TrueValueTest" time="147.515" errors="0" timestamp="14 Sep 2023 06:48:55 GMT" skipped="0">
  <testcase classname="com.qa.Test.StoreLocator_TrueValueTest" name="VerifyOpenLocatorPage" time="18.607"/>
  <testcase classname="com.qa.Test.StoreLocator_TrueValueTest" name="VerifyTextFrame" time="19.616"/>
  <testcase classname="com.qa.Test.StoreLocator_TrueValueTest" name="VerifyTotalAddresses" time="11.936"/>
  <testcase classname="com.qa.Test.StoreLocator_TrueValueTest" name="VerifyEmailWindow" time="18.061"/>
  <testcase classname="com.qa.Test.StoreLocator_TrueValueTest" name="VerifyDropdownForCountry" time="11.466"/>
  <testcase classname="com.qa.Test.StoreLocator_TrueValueTest" name="VerifyFilters" time="45.143"/>
  <testcase classname="com.qa.Test.StoreLocator_TrueValueTest" name="VerifyAddress" time="7.290"/>
  <testcase classname="com.qa.Test.StoreLocator_TrueValueTest" name="VerifyStoreRedirect" time="15.396"/>
</testsuite> <!-- com.qa.Test.StoreLocator_TrueValueTest -->
