<?xml version="1.0" encoding="UTF-8"?>
<!-- Generated by org.testng.reporters.JUnitReportReporter -->
<testsuite hostname="DESKTOP-OF3OC9C" failures="0" tests="1" name="com.qa.Test.OfficeDepotTest" time="41.585" errors="0" timestamp="11 Sep 2023 12:12:01 GMT" skipped="0">
  <testcase classname="com.qa.Test.OfficeDepotTest" name="VerifyDirectionLink" time="41.585"/>
</testsuite> <!-- com.qa.Test.OfficeDepotTest -->
