<?xml version="1.0" encoding="UTF-8"?>
<!-- Generated by org.testng.reporters.JUnitReportReporter -->
<testsuite hostname="DESKTOP-OF3OC9C" failures="0" tests="9" name="com.qa.Test.StoreLocations_FamilyDollarTest" time="171.920" errors="0" timestamp="14 Sep 2023 05:51:25 GMT" skipped="0">
  <testcase classname="com.qa.Test.StoreLocations_FamilyDollarTest" name="VerifyFilterBtn" time="6.959"/>
  <testcase classname="com.qa.Test.StoreLocations_FamilyDollarTest" name="VerifyTitalAminities" time="4.177"/>
  <testcase classname="com.qa.Test.StoreLocations_FamilyDollarTest" name="VerifyMoreInfoLink" time="8.346"/>
  <testcase classname="com.qa.Test.StoreLocations_FamilyDollarTest" name="VerifyWeeklyAddLink" time="8.245"/>
  <testcase classname="com.qa.Test.StoreLocations_FamilyDollarTest" name="VerifyFilterOptions" time="7.213"/>
  <testcase classname="com.qa.Test.StoreLocations_FamilyDollarTest" name="VerifyListofAddress" time="4.214"/>
  <testcase classname="com.qa.Test.StoreLocations_FamilyDollarTest" name="VerifyRerirectingtoMap" time="7.275"/>
  <testcase classname="com.qa.Test.StoreLocations_FamilyDollarTest" name="VerifyOpenLocatorPage" time="9.176"/>
  <testcase classname="com.qa.Test.StoreLocations_FamilyDollarTest" name="VerifyClickingFilterOptions" time="116.315"/>
</testsuite> <!-- com.qa.Test.StoreLocations_FamilyDollarTest -->
