<?xml version="1.0" encoding="UTF-8"?>
<!-- Generated by org.testng.reporters.JUnitReportReporter -->
<testsuite hostname="DESKTOP-OF3OC9C" failures="0" tests="8" name="com.qa.Test.StoreLocator_TrueValueTest" time="144.111" errors="0" timestamp="14 Sep 2023 05:51:25 GMT" skipped="0">
  <testcase classname="com.qa.Test.StoreLocator_TrueValueTest" name="VerifyOpenLocatorPage" time="18.201"/>
  <testcase classname="com.qa.Test.StoreLocator_TrueValueTest" name="VerifyTextFrame" time="19.503"/>
  <testcase classname="com.qa.Test.StoreLocator_TrueValueTest" name="VerifyTotalAddresses" time="11.484"/>
  <testcase classname="com.qa.Test.StoreLocator_TrueValueTest" name="VerifyEmailWindow" time="18.360"/>
  <testcase classname="com.qa.Test.StoreLocator_TrueValueTest" name="VerifyDropdownForCountry" time="11.306"/>
  <testcase classname="com.qa.Test.StoreLocator_TrueValueTest" name="VerifyFilters" time="43.761"/>
  <testcase classname="com.qa.Test.StoreLocator_TrueValueTest" name="VerifyAddress" time="7.208"/>
  <testcase classname="com.qa.Test.StoreLocator_TrueValueTest" name="VerifyStoreRedirect" time="14.288"/>
</testsuite> <!-- com.qa.Test.StoreLocator_TrueValueTest -->
