<?xml version="1.0" encoding="UTF-8"?>
<!-- Generated by org.testng.reporters.JUnitReportReporter -->
<testsuite hostname="DESKTOP-OF3OC9C" failures="0" tests="1" name="com.qa.Test.Nesbittburnslocator_test" time="33.046" errors="0" timestamp="21 Sep 2023 10:47:50 GMT" skipped="0">
  <testcase classname="com.qa.Test.Nesbittburnslocator_test" name="VerifyEmailMe_test" time="33.046"/>
</testsuite> <!-- com.qa.Test.Nesbittburnslocator_test -->
