<?xml version="1.0" encoding="UTF-8"?>
<!-- Generated by org.testng.reporters.JUnitReportReporter -->
<testsuite hostname="DESKTOP-OF3OC9C" failures="0" tests="1" name="com.qa.Test.TheCheeseCakeFactoryTest2" time="10.358" errors="0" timestamp="20 Sep 2023 04:34:22 GMT" skipped="0">
  <testcase classname="com.qa.Test.TheCheeseCakeFactoryTest2" name="VerifyLocation" time="10.358"/>
</testsuite> <!-- com.qa.Test.TheCheeseCakeFactoryTest2 -->
