<?xml version="1.0" encoding="UTF-8"?>
<!-- Generated by org.testng.reporters.JUnitReportReporter -->
<testsuite hostname="DESKTOP-OF3OC9C" failures="0" tests="5" name="com.qa.Test.TheCheeseCakeFactoryTest" time="78.169" errors="0" timestamp="20 Sep 2023 09:52:30 GMT" skipped="0">
  <testcase classname="com.qa.Test.TheCheeseCakeFactoryTest" name="VerifyHeaderMenu" time="12.467"/>
  <testcase classname="com.qa.Test.TheCheeseCakeFactoryTest" name="VerifyLocation" time="13.495"/>
  <testcase classname="com.qa.Test.TheCheeseCakeFactoryTest" name="VerifyOrderPickUp" time="16.325"/>
  <testcase classname="com.qa.Test.TheCheeseCakeFactoryTest" name="VerifyOrderDelivery" time="18.771"/>
  <testcase classname="com.qa.Test.TheCheeseCakeFactoryTest" name="VerifyFooterMenu" time="17.111"/>
</testsuite> <!-- com.qa.Test.TheCheeseCakeFactoryTest -->
