<?xml version="1.0" encoding="UTF-8"?>
<!-- Generated by org.testng.reporters.JUnitReportReporter -->
<testsuite hostname="DESKTOP-OF3OC9C" failures="0" tests="4" name="com.qa.Test.Nesbittburnslocator_test" time="44.498" errors="0" timestamp="21 Sep 2023 07:48:51 GMT" skipped="0">
  <testcase classname="com.qa.Test.Nesbittburnslocator_test" name="verifyHomeDetails_test" time="6.574"/>
  <testcase classname="com.qa.Test.Nesbittburnslocator_test" name="Find_InvestmentAdvisors_test" time="10.206"/>
  <testcase classname="com.qa.Test.Nesbittburnslocator_test" name="investment_info_test" time="5.172"/>
  <testcase classname="com.qa.Test.Nesbittburnslocator_test" name="verifySendToEmail_test" time="22.546"/>
</testsuite> <!-- com.qa.Test.Nesbittburnslocator_test -->
