<?xml version="1.0" encoding="UTF-8"?>
<!-- Generated by org.testng.reporters.JUnitReportReporter -->
<testsuite hostname="DESKTOP-OF3OC9C" failures="0" tests="5" name="com.qa.Test.MichalesTest" time="40.908" errors="0" timestamp="13 Sep 2023 05:48:49 GMT" skipped="0">
  <testcase classname="com.qa.Test.MichalesTest" name="VerifyLogo" time="2.159"/>
  <testcase classname="com.qa.Test.MichalesTest" name="VerifyAllLocations" time="4.272"/>
  <testcase classname="com.qa.Test.MichalesTest" name="VerifyDDValues" time="34.425"/>
  <testcase classname="com.qa.Test.MichalesTest" name="VerifyHeaderText" time="0.023"/>
  <testcase classname="com.qa.Test.MichalesTest" name="VerifyServiceOptions" time="0.029"/>
</testsuite> <!-- com.qa.Test.MichalesTest -->
