<?xml version="1.0" encoding="UTF-8"?>
<!-- Generated by org.testng.reporters.JUnitReportReporter -->
<testsuite hostname="DESKTOP-OF3OC9C" failures="0" tests="9" name="com.qa.Test.StoreLocations_FamilyDollarTest" time="172.884" errors="0" timestamp="12 Sep 2023 12:42:04 GMT" skipped="0">
  <testcase classname="com.qa.Test.StoreLocations_FamilyDollarTest" name="VerifyFilterBtn" time="7.990"/>
  <testcase classname="com.qa.Test.StoreLocations_FamilyDollarTest" name="VerifyTitalAminities" time="4.132"/>
  <testcase classname="com.qa.Test.StoreLocations_FamilyDollarTest" name="VerifyMoreInfoLink" time="8.239"/>
  <testcase classname="com.qa.Test.StoreLocations_FamilyDollarTest" name="VerifyWeeklyAddLink" time="8.216"/>
  <testcase classname="com.qa.Test.StoreLocations_FamilyDollarTest" name="VerifyFilterOptions" time="7.180"/>
  <testcase classname="com.qa.Test.StoreLocations_FamilyDollarTest" name="VerifyListofAddress" time="4.196"/>
  <testcase classname="com.qa.Test.StoreLocations_FamilyDollarTest" name="VerifyRerirectingtoMap" time="7.177"/>
  <testcase classname="com.qa.Test.StoreLocations_FamilyDollarTest" name="VerifyOpenLocatorPage" time="9.355"/>
  <testcase classname="com.qa.Test.StoreLocations_FamilyDollarTest" name="VerifyClickingFilterOptions" time="116.399"/>
</testsuite> <!-- com.qa.Test.StoreLocations_FamilyDollarTest -->
