<?xml version="1.0" encoding="UTF-8"?>
<!-- Generated by org.testng.reporters.JUnitReportReporter -->
<testsuite hostname="DESKTOP-OF3OC9C" failures="0" tests="5" name="com.qa.Test.BranchLocatorTest" time="97.625" errors="0" timestamp="20 Sep 2023 12:13:31 GMT" skipped="0">
  <testcase classname="com.qa.Test.BranchLocatorTest" name="VerifyHeaderMenu" time="4.800"/>
  <testcase classname="com.qa.Test.BranchLocatorTest" name="VerifyCityTextbox" time="10.308"/>
  <testcase classname="com.qa.Test.BranchLocatorTest" name="VerifyTotalCities" time="10.307"/>
  <testcase classname="com.qa.Test.BranchLocatorTest" name="VerifyFilter" time="16.809"/>
  <testcase classname="com.qa.Test.BranchLocatorTest" name="VerifyEmailandPhone" time="55.401"/>
</testsuite> <!-- com.qa.Test.BranchLocatorTest -->
