<?xml version="1.0" encoding="UTF-8"?>
<!-- Generated by org.testng.reporters.JUnitReportReporter -->
<testsuite hostname="DESKTOP-OF3OC9C" failures="0" tests="5" name="com.qa.Test.Michales_LocatorsTest" time="39.110" errors="0" timestamp="14 Sep 2023 11:20:29 GMT" skipped="0">
  <testcase classname="com.qa.Test.Michales_LocatorsTest" name="VerifyLogo" time="1.590"/>
  <testcase classname="com.qa.Test.Michales_LocatorsTest" name="VerifyAllLocations" time="4.817"/>
  <testcase classname="com.qa.Test.Michales_LocatorsTest" name="VerifyDDValues" time="32.637"/>
  <testcase classname="com.qa.Test.Michales_LocatorsTest" name="VerifyHeaderText" time="0.038"/>
  <testcase classname="com.qa.Test.Michales_LocatorsTest" name="VerifyServiceOptions" time="0.028"/>
</testsuite> <!-- com.qa.Test.Michales_LocatorsTest -->
