<?xml version="1.0" encoding="UTF-8"?>
<!-- Generated by org.testng.reporters.JUnitReportReporter -->
<testsuite hostname="DESKTOP-OF3OC9C" failures="0" tests="1" name="com.qa.Test.AttStoresTest" time="4.441" errors="0" timestamp="08 Sep 2023 12:25:58 GMT" skipped="0">
  <testcase classname="com.qa.Test.AttStoresTest" name="VerifyOverviewSectionAddressOnMap" time="4.441"/>
</testsuite> <!-- com.qa.Test.AttStoresTest -->
