<?xml version="1.0" encoding="UTF-8"?>
<!-- Generated by org.testng.reporters.JUnitReportReporter -->
<testsuite hostname="DESKTOP-OF3OC9C" failures="0" tests="16" name="com.qa.Test.AttStoresTest" time="51.471" errors="0" timestamp="13 Sep 2023 10:28:19 GMT" skipped="0">
  <testcase classname="com.qa.Test.AttStoresTest" name="VerifyFeedbackWindowClosed" time="8.238"/>
  <testcase classname="com.qa.Test.AttStoresTest" name="VerifyHeading" time="0.021"/>
  <testcase classname="com.qa.Test.AttStoresTest" name="VerifyPaymentLink" time="1.798"/>
  <testcase classname="com.qa.Test.AttStoresTest" name="VerifyUpgradeDeviceLink" time="4.641"/>
  <testcase classname="com.qa.Test.AttStoresTest" name="VerifyGetSupportPageLink" time="2.464"/>
  <testcase classname="com.qa.Test.AttStoresTest" name="VerifyATTPageLink" time="3.170"/>
  <testcase classname="com.qa.Test.AttStoresTest" name="VerifyShopNowLink" time="2.260"/>
  <testcase classname="com.qa.Test.AttStoresTest" name="VerifyOverviewSectionTime" time="1.791"/>
  <testcase classname="com.qa.Test.AttStoresTest" name="VerifyOverviewSectionAddress" time="0.831"/>
  <testcase classname="com.qa.Test.AttStoresTest" name="VerifyOffersSectionTitle" time="2.157"/>
  <testcase classname="com.qa.Test.AttStoresTest" name="VerifyAboutSectnTitle" time="2.111"/>
  <testcase classname="com.qa.Test.AttStoresTest" name="VerifyFAQTitle" time="0.163"/>
  <testcase classname="com.qa.Test.AttStoresTest" name="VerifyFAQQuestions" time="2.194"/>
  <testcase classname="com.qa.Test.AttStoresTest" name="VerifyAttServices" time="2.262"/>
  <testcase classname="com.qa.Test.AttStoresTest" name="VerifyFooterServices" time="11.130"/>
  <testcase classname="com.qa.Test.AttStoresTest" name="VerifyOverviewSectionAddressOnMap" time="6.240"/>
</testsuite> <!-- com.qa.Test.AttStoresTest -->
